[ 2025-12-04 21:31:50,907 ] 161 numexpr.utils - INFO - NumExpr defaulting to 12 threads.
[ 2025-12-04 21:31:53,003 ] 17 root - INFO - ==================================================
[ 2025-12-04 21:31:53,003 ] 18 root - INFO - STARTING ML PIPELINE
[ 2025-12-04 21:31:53,003 ] 19 root - INFO - ==================================================
[ 2025-12-04 21:31:53,003 ] 22 root - INFO - 
>>> STEP 1: DATA INGESTION
[ 2025-12-04 21:31:53,003 ] 17 root - INFO - entered the data ingestion  method or component
[ 2025-12-04 21:31:53,031 ] 20 root - INFO - Dataset size: 4600 rows, 18 columns
[ 2025-12-04 21:31:53,050 ] 25 root - INFO - Train test split initiated
[ 2025-12-04 21:31:53,062 ] 29 root - INFO - Inmgestion of the data iss completed
[ 2025-12-04 21:31:53,062 ] 25 root - INFO - Data ingestion completed
[ 2025-12-04 21:31:53,063 ] 26 root - INFO - Train data: artifacts\train.csv
[ 2025-12-04 21:31:53,063 ] 27 root - INFO - Test data: artifacts\test.csv
[ 2025-12-04 21:31:53,063 ] 30 root - INFO - 
>>> STEP 2: DATA TRANSFORMATION
[ 2025-12-04 21:31:53,063 ] 45 root - INFO - Preprocessor already exists, loading cached object
[ 2025-12-04 21:31:53,119 ] 53 root - INFO - Read train and test data completed
[ 2025-12-04 21:31:53,121 ] 59 root - INFO - Applying preprocessing object on training dataframe and testing dataframe.
[ 2025-12-04 21:31:53,140 ] 72 root - INFO - Saved preprocessing object.
[ 2025-12-04 21:31:53,142 ] 35 root - INFO - Data transformation completed
[ 2025-12-04 21:31:53,142 ] 36 root - INFO - Train array shape: (800, 13)
[ 2025-12-04 21:31:53,142 ] 37 root - INFO - Test array shape: (200, 13)
[ 2025-12-04 21:31:53,142 ] 40 root - INFO - 
>>> STEP 3: MODEL TRAINING
[ 2025-12-04 21:31:53,142 ] 31 root - INFO - Split training and test input data
[ 2025-12-04 21:31:53,142 ] 81 root - INFO - Starting selective model evaluation
[ 2025-12-04 21:31:53,142 ] 91 root - INFO - Training Decision Tree
[ 2025-12-04 21:31:57,333 ] 104 root - INFO - Decision Tree trained in 4.19 seconds with score: -0.009973342141282204
[ 2025-12-04 21:31:57,333 ] 91 root - INFO - Training Random Forest
[ 2025-12-04 21:31:59,536 ] 104 root - INFO - Random Forest trained in 2.20 seconds with score: -0.007162154771883866
[ 2025-12-04 21:31:59,536 ] 91 root - INFO - Training Gradient Boosting
[ 2025-12-04 21:32:00,773 ] 104 root - INFO - Gradient Boosting trained in 1.24 seconds with score: -0.0006655727876796469
[ 2025-12-04 21:32:00,773 ] 91 root - INFO - Training XGBRegressor
[ 2025-12-04 21:32:01,519 ] 104 root - INFO - XGBRegressor trained in 0.75 seconds with score: -0.007057362746870188
[ 2025-12-04 21:32:01,519 ] 91 root - INFO - Training AdaBoost Regressor
[ 2025-12-04 21:32:02,709 ] 104 root - INFO - AdaBoost Regressor trained in 1.19 seconds with score: -0.0066690415678232196
[ 2025-12-04 21:32:02,710 ] 114 root - INFO - Model evaluation completed in 9.57 seconds
[ 2025-12-04 21:32:02,710 ] 50 root - ERROR - Error in pipeline: Error occured in python script name [C:\Users\T Ganesh\OneDrive\Desktop\gsg\housepridiction\src\components\model_trainer.py] line number [123] error message['NoneType' object has no attribute 'tb_frame']
