[ 2025-12-04 21:35:14,456 ] 161 numexpr.utils - INFO - NumExpr defaulting to 12 threads.
[ 2025-12-04 21:35:17,533 ] 17 root - INFO - ==================================================
[ 2025-12-04 21:35:17,533 ] 18 root - INFO - STARTING ML PIPELINE
[ 2025-12-04 21:35:17,533 ] 19 root - INFO - ==================================================
[ 2025-12-04 21:35:17,533 ] 22 root - INFO - 
>>> STEP 1: DATA INGESTION
[ 2025-12-04 21:35:17,533 ] 17 root - INFO - entered the data ingestion  method or component
[ 2025-12-04 21:35:17,558 ] 20 root - INFO - Dataset size: 4600 rows, 18 columns
[ 2025-12-04 21:35:17,569 ] 25 root - INFO - Train test split initiated
[ 2025-12-04 21:35:17,582 ] 29 root - INFO - Inmgestion of the data iss completed
[ 2025-12-04 21:35:17,582 ] 25 root - INFO - Data ingestion completed
[ 2025-12-04 21:35:17,582 ] 26 root - INFO - Train data: artifacts\train.csv
[ 2025-12-04 21:35:17,582 ] 27 root - INFO - Test data: artifacts\test.csv
[ 2025-12-04 21:35:17,583 ] 30 root - INFO - 
>>> STEP 2: DATA TRANSFORMATION
[ 2025-12-04 21:35:17,583 ] 45 root - INFO - Preprocessor already exists, loading cached object
[ 2025-12-04 21:35:17,651 ] 53 root - INFO - Read train and test data completed
[ 2025-12-04 21:35:17,653 ] 59 root - INFO - Applying preprocessing object on training dataframe and testing dataframe.
[ 2025-12-04 21:35:17,677 ] 72 root - INFO - Saved preprocessing object.
[ 2025-12-04 21:35:17,679 ] 35 root - INFO - Data transformation completed
[ 2025-12-04 21:35:17,679 ] 36 root - INFO - Train array shape: (800, 13)
[ 2025-12-04 21:35:17,680 ] 37 root - INFO - Test array shape: (200, 13)
[ 2025-12-04 21:35:17,680 ] 40 root - INFO - 
>>> STEP 3: MODEL TRAINING
[ 2025-12-04 21:35:17,680 ] 31 root - INFO - Split training and test input data
[ 2025-12-04 21:35:17,680 ] 81 root - INFO - Starting selective model evaluation
[ 2025-12-04 21:35:17,680 ] 91 root - INFO - Training Decision Tree
[ 2025-12-04 21:35:22,937 ] 104 root - INFO - Decision Tree trained in 5.26 seconds with score: -0.01660904863934043
[ 2025-12-04 21:35:22,937 ] 91 root - INFO - Training Random Forest
[ 2025-12-04 21:35:24,870 ] 104 root - INFO - Random Forest trained in 1.93 seconds with score: -0.005745274939430223
[ 2025-12-04 21:35:24,871 ] 91 root - INFO - Training Gradient Boosting
[ 2025-12-04 21:35:26,698 ] 104 root - INFO - Gradient Boosting trained in 1.83 seconds with score: -0.0006264359140142339
[ 2025-12-04 21:35:26,698 ] 91 root - INFO - Training XGBRegressor
[ 2025-12-04 21:35:27,769 ] 104 root - INFO - XGBRegressor trained in 1.07 seconds with score: -0.007057362746870188
[ 2025-12-04 21:35:27,769 ] 91 root - INFO - Training AdaBoost Regressor
[ 2025-12-04 21:35:29,322 ] 104 root - INFO - AdaBoost Regressor trained in 1.55 seconds with score: -0.006214278430504816
[ 2025-12-04 21:35:29,322 ] 114 root - INFO - Model evaluation completed in 11.64 seconds
[ 2025-12-04 21:35:29,323 ] 123 root - WARNING - Model score is very low: -0.0006264359140142339. Using best available model anyway.
[ 2025-12-04 21:35:29,323 ] 124 root - INFO - Best found model on both training and testing dataset
[ 2025-12-04 21:35:29,341 ] 134 root - INFO - Model training completed in 11.66 seconds with R2 score: -0.0006264359140142339
[ 2025-12-04 21:35:29,343 ] 43 root - INFO - Model training completed with R² Score: -0.000626
[ 2025-12-04 21:35:29,343 ] 45 root - INFO - 
==================================================
[ 2025-12-04 21:35:29,343 ] 46 root - INFO - ML PIPELINE COMPLETED SUCCESSFULLY!
[ 2025-12-04 21:35:29,343 ] 47 root - INFO - ==================================================
