[ 2025-12-04 21:28:49,940 ] 161 numexpr.utils - INFO - NumExpr defaulting to 12 threads.
[ 2025-12-04 21:28:51,505 ] 17 root - INFO - ==================================================
[ 2025-12-04 21:28:51,505 ] 18 root - INFO - STARTING ML PIPELINE
[ 2025-12-04 21:28:51,505 ] 19 root - INFO - ==================================================
[ 2025-12-04 21:28:51,505 ] 22 root - INFO - 
>>> STEP 1: DATA INGESTION
[ 2025-12-04 21:28:51,505 ] 17 root - INFO - entered the data ingestion  method or component
[ 2025-12-04 21:28:51,522 ] 20 root - INFO - Dataset size: 4600 rows, 18 columns
[ 2025-12-04 21:28:51,536 ] 25 root - INFO - Train test split initiated
[ 2025-12-04 21:28:51,551 ] 29 root - INFO - Inmgestion of the data iss completed
[ 2025-12-04 21:28:51,551 ] 25 root - INFO - Data ingestion completed
[ 2025-12-04 21:28:51,551 ] 26 root - INFO - Train data: artifacts\train.csv
[ 2025-12-04 21:28:51,552 ] 27 root - INFO - Test data: artifacts\test.csv
[ 2025-12-04 21:28:51,552 ] 30 root - INFO - 
>>> STEP 2: DATA TRANSFORMATION
[ 2025-12-04 21:28:51,552 ] 45 root - INFO - Preprocessor already exists, loading cached object
[ 2025-12-04 21:28:51,612 ] 53 root - INFO - Read train and test data completed
[ 2025-12-04 21:28:51,614 ] 59 root - INFO - Applying preprocessing object on training dataframe and testing dataframe.
[ 2025-12-04 21:28:51,633 ] 72 root - INFO - Saved preprocessing object.
[ 2025-12-04 21:28:51,636 ] 35 root - INFO - Data transformation completed
[ 2025-12-04 21:28:51,637 ] 36 root - INFO - Train array shape: (800, 13)
[ 2025-12-04 21:28:51,637 ] 37 root - INFO - Test array shape: (200, 13)
[ 2025-12-04 21:28:51,637 ] 40 root - INFO - 
>>> STEP 3: MODEL TRAINING
[ 2025-12-04 21:28:51,637 ] 31 root - INFO - Split training and test input data
[ 2025-12-04 21:28:51,637 ] 81 root - INFO - Starting selective model evaluation
[ 2025-12-04 21:28:51,637 ] 91 root - INFO - Training Decision Tree
[ 2025-12-04 21:28:56,328 ] 104 root - INFO - Decision Tree trained in 4.69 seconds with score: -0.007624402014434484
[ 2025-12-04 21:28:56,328 ] 91 root - INFO - Training Random Forest
[ 2025-12-04 21:29:03,119 ] 104 root - INFO - Random Forest trained in 6.79 seconds with score: -0.00680101372739883
[ 2025-12-04 21:29:03,120 ] 91 root - INFO - Training Gradient Boosting
[ 2025-12-04 21:29:04,723 ] 104 root - INFO - Gradient Boosting trained in 1.60 seconds with score: -0.0010060113137058124
[ 2025-12-04 21:29:04,723 ] 91 root - INFO - Training XGBRegressor
[ 2025-12-04 21:29:06,026 ] 104 root - INFO - XGBRegressor trained in 1.30 seconds with score: -0.007057362746870188
[ 2025-12-04 21:29:06,026 ] 91 root - INFO - Training AdaBoost Regressor
[ 2025-12-04 21:29:08,245 ] 104 root - INFO - AdaBoost Regressor trained in 2.22 seconds with score: -0.004923456407682325
[ 2025-12-04 21:29:08,245 ] 114 root - INFO - Model evaluation completed in 16.61 seconds
[ 2025-12-04 21:29:08,245 ] 50 root - ERROR - Error in pipeline: Error occured in python script name [C:\Users\T Ganesh\OneDrive\Desktop\gsg\housepridiction\src\components\model_trainer.py] line number [123] error message[CustomException.__init__() missing 1 required positional argument: 'error_detail']
