[ 2025-12-04 21:35:48,450 ] 161 numexpr.utils - INFO - NumExpr defaulting to 12 threads.
[ 2025-12-04 21:35:51,513 ] 17 root - INFO - ==================================================
[ 2025-12-04 21:35:51,513 ] 18 root - INFO - STARTING ML PIPELINE
[ 2025-12-04 21:35:51,513 ] 19 root - INFO - ==================================================
[ 2025-12-04 21:35:51,513 ] 22 root - INFO - 
>>> STEP 1: DATA INGESTION
[ 2025-12-04 21:35:51,513 ] 17 root - INFO - entered the data ingestion  method or component
[ 2025-12-04 21:35:51,540 ] 20 root - INFO - Dataset size: 4600 rows, 18 columns
[ 2025-12-04 21:35:51,557 ] 25 root - INFO - Train test split initiated
[ 2025-12-04 21:35:51,570 ] 29 root - INFO - Inmgestion of the data iss completed
[ 2025-12-04 21:35:51,571 ] 25 root - INFO - Data ingestion completed
[ 2025-12-04 21:35:51,571 ] 26 root - INFO - Train data: artifacts\train.csv
[ 2025-12-04 21:35:51,571 ] 27 root - INFO - Test data: artifacts\test.csv
[ 2025-12-04 21:35:51,572 ] 30 root - INFO - 
>>> STEP 2: DATA TRANSFORMATION
[ 2025-12-04 21:35:51,572 ] 45 root - INFO - Preprocessor already exists, loading cached object
[ 2025-12-04 21:35:51,643 ] 53 root - INFO - Read train and test data completed
[ 2025-12-04 21:35:51,647 ] 59 root - INFO - Applying preprocessing object on training dataframe and testing dataframe.
[ 2025-12-04 21:35:51,669 ] 72 root - INFO - Saved preprocessing object.
[ 2025-12-04 21:35:51,673 ] 35 root - INFO - Data transformation completed
[ 2025-12-04 21:35:51,673 ] 36 root - INFO - Train array shape: (800, 13)
[ 2025-12-04 21:35:51,673 ] 37 root - INFO - Test array shape: (200, 13)
[ 2025-12-04 21:35:51,673 ] 40 root - INFO - 
>>> STEP 3: MODEL TRAINING
[ 2025-12-04 21:35:51,673 ] 31 root - INFO - Split training and test input data
[ 2025-12-04 21:35:51,674 ] 81 root - INFO - Starting selective model evaluation
[ 2025-12-04 21:35:51,674 ] 91 root - INFO - Training Decision Tree
[ 2025-12-04 21:35:56,544 ] 104 root - INFO - Decision Tree trained in 4.87 seconds with score: -0.009509665587228877
[ 2025-12-04 21:35:56,545 ] 91 root - INFO - Training Random Forest
[ 2025-12-04 21:35:58,585 ] 104 root - INFO - Random Forest trained in 2.04 seconds with score: -0.0073919855634438925
[ 2025-12-04 21:35:58,585 ] 91 root - INFO - Training Gradient Boosting
[ 2025-12-04 21:36:00,182 ] 104 root - INFO - Gradient Boosting trained in 1.60 seconds with score: -0.000786539227632721
[ 2025-12-04 21:36:00,182 ] 91 root - INFO - Training XGBRegressor
[ 2025-12-04 21:36:01,133 ] 104 root - INFO - XGBRegressor trained in 0.95 seconds with score: -0.007057362746870188
[ 2025-12-04 21:36:01,133 ] 91 root - INFO - Training AdaBoost Regressor
